This is pdfTeX, Version 3.1415926-2.3-1.40.12 (MiKTeX 2.9) (preloaded format=pdflatex 2018.12.5)  5 DEC 2018 22:28
entering extended mode
**c:/Users/Cindy*Cai/Á†îÁ©∂ÁîüËØæÁ®ãÂ≠¶‰π†/Á†î‰∏Ä‰∏ä/ÊôØËÄÅÂ∏à-Êú∫Âô®Â≠¶‰π†/report/ML*report01_V1/supervised*learning*group5
("c:/Users/Cindy Cai/Á†îÁ©∂ÁîüËØæÁ®ãÂ≠¶‰π†/Á†î‰∏Ä‰∏ä/ÊôØËÄÅÂ∏à-Êú∫Âô®Â≠¶‰π†/report/ML report01_V1/supervised learning group5.tex"
LaTeX2e <2011/06/27>
Babel <v3.8m> and hyphenation patterns for loaded.
("C:\Users\Cindy Cai\Software\CTEX\MiKTeX\tex/latex\base\article.cls"
Document Class: article 2007/10/19 v1.4h Standard LaTeX document class
("C:\Users\Cindy Cai\Software\CTEX\MiKTeX\tex/latex\base\size11.clo"
File: size11.clo 2007/10/19 v1.4h Standard LaTeX file (size option)
)
\c@part=\count79
\c@section=\count80
\c@subsection=\count81
\c@subsubsection=\count82
\c@paragraph=\count83
\c@subparagraph=\count84
\c@figure=\count85
\c@table=\count86
\abovecaptionskip=\skip41
\belowcaptionskip=\skip42
\bibindent=\dimen102
) ("C:\Users\Cindy Cai\Software\CTEX\MiKTeX\tex/latex\setspace\setspace.sty"
Package: setspace 2011/12/19 v6.7a set line spacing
) ("C:\Users\Cindy Cai\Software\CTEX\MiKTeX\tex/latex\geometry\geometry.sty"
Package: geometry 2010/09/12 v5.6 Page Geometry
 ("C:\Users\Cindy Cai\Software\CTEX\MiKTeX\tex/latex\graphics\keyval.sty"
Package: keyval 1999/03/16 v1.13 key=value parser (DPC)
\KV@toks@=\toks14
) ("C:\Users\Cindy Cai\Software\CTEX\MiKTeX\tex/generic\oberdiek\ifpdf.sty"
Package: ifpdf 2011/01/30 v2.3 Provides the ifpdf switch (HO)
Package ifpdf Info: pdfTeX in PDF mode is detected.
) ("C:\Users\Cindy Cai\Software\CTEX\MiKTeX\tex/generic\oberdiek\ifvtex.sty"
Package: ifvtex 2010/03/01 v1.5 Switches for detecting VTeX and its modes (HO)
Package ifvtex Info: VTeX not detected.
) ("C:\Users\Cindy Cai\Software\CTEX\MiKTeX\tex/generic\ifxetex\ifxetex.sty"
Package: ifxetex 2010/09/12 v0.6 Provides ifxetex conditional
)
\Gm@cnth=\count87
\Gm@cntv=\count88
\c@Gm@tempcnt=\count89
\Gm@bindingoffset=\dimen103
\Gm@wd@mp=\dimen104
\Gm@odd@mp=\dimen105
\Gm@even@mp=\dimen106
\Gm@layoutwidth=\dimen107
\Gm@layoutheight=\dimen108
\Gm@layouthoffset=\dimen109
\Gm@layoutvoffset=\dimen110
\Gm@dimlist=\toks15
 ("C:\Users\Cindy Cai\Software\CTEX\MiKTeX\tex/latex\geometry\geometry.cfg")) ("C:\Users\Cindy Cai\Software\CTEX\MiKTeX\tex/latex\tools\indentfirst.sty"
Package: indentfirst 1995/11/23 v1.03 Indent first paragraph (DPC)
) ("C:\Users\Cindy Cai\Software\CTEX\MiKTeX\tex/latex\graphics\color.sty"
Package: color 2005/11/14 v1.0j Standard LaTeX Color (DPC)
 ("C:\Users\Cindy Cai\Software\CTEX\MiKTeX\tex/latex\00miktex\color.cfg"
File: color.cfg 2007/01/18 v1.5 color configuration of teTeX/TeXLive
)
Package color Info: Driver file: pdftex.def on input line 130.
 ("C:\Users\Cindy Cai\Software\CTEX\MiKTeX\tex/latex\pdftex-def\pdftex.def"
File: pdftex.def 2011/05/27 v0.06d Graphics/color for pdfTeX
 ("C:\Users\Cindy Cai\Software\CTEX\MiKTeX\tex/generic\oberdiek\infwarerr.sty"
Package: infwarerr 2010/04/08 v1.3 Providing info/warning/message (HO)
) ("C:\Users\Cindy Cai\Software\CTEX\MiKTeX\tex/generic\oberdiek\ltxcmds.sty"
Package: ltxcmds 2011/04/18 v1.20 LaTeX kernel commands for general use (HO)
)
\Gread@gobject=\count90
)) ("C:\Users\Cindy Cai\Software\CTEX\MiKTeX\tex/latex\multirow\multirow.sty"
\bigstrutjot=\dimen111
) ("C:\Users\Cindy Cai\Software\CTEX\MiKTeX\tex/latex\float\float.sty"
Package: float 2001/11/08 v1.3d Float enhancements (AL)
\c@float@type=\count91
\float@exts=\toks16
\float@box=\box26
\@float@everytoks=\toks17
\@floatcapt=\box27
) ("C:\Users\Cindy Cai\Software\CTEX\MiKTeX\tex/latex\tools\enumerate.sty"
Package: enumerate 1999/03/05 v3.00 enumerate extensions (DPC)
\@enLab=\toks18
) ("C:\Users\Cindy Cai\Software\CTEX\MiKTeX\tex/latex\ams\math\amsmath.sty"
Package: amsmath 2000/07/18 v2.13 AMS math features
\@mathmargin=\skip43

For additional information on amsmath, use the `?' option.
("C:\Users\Cindy Cai\Software\CTEX\MiKTeX\tex/latex\ams\math\amstext.sty"
Package: amstext 2000/06/29 v2.01
 ("C:\Users\Cindy Cai\Software\CTEX\MiKTeX\tex/latex\ams\math\amsgen.sty"
File: amsgen.sty 1999/11/30 v2.0
\@emptytoks=\toks19
\ex@=\dimen112
)) ("C:\Users\Cindy Cai\Software\CTEX\MiKTeX\tex/latex\ams\math\amsbsy.sty"
Package: amsbsy 1999/11/29 v1.2d
\pmbraise@=\dimen113
) ("C:\Users\Cindy Cai\Software\CTEX\MiKTeX\tex/latex\ams\math\amsopn.sty"
Package: amsopn 1999/12/14 v2.01 operator names
)
\inf@bad=\count92
LaTeX Info: Redefining \frac on input line 211.
\uproot@=\count93
\leftroot@=\count94
LaTeX Info: Redefining \overline on input line 307.
\classnum@=\count95
\DOTSCASE@=\count96
LaTeX Info: Redefining \ldots on input line 379.
LaTeX Info: Redefining \dots on input line 382.
LaTeX Info: Redefining \cdots on input line 467.
\Mathstrutbox@=\box28
\strutbox@=\box29
\big@size=\dimen114
LaTeX Font Info:    Redeclaring font encoding OML on input line 567.
LaTeX Font Info:    Redeclaring font encoding OMS on input line 568.
\macc@depth=\count97
\c@MaxMatrixCols=\count98
\dotsspace@=\muskip10
\c@parentequation=\count99
\dspbrk@lvl=\count100
\tag@help=\toks20
\row@=\count101
\column@=\count102
\maxfields@=\count103
\andhelp@=\toks21
\eqnshift@=\dimen115
\alignsep@=\dimen116
\tagshift@=\dimen117
\tagwidth@=\dimen118
\totwidth@=\dimen119
\lineht@=\dimen120
\@envbody=\toks22
\multlinegap=\skip44
\multlinetaggap=\skip45
\mathdisplay@stack=\toks23
LaTeX Info: Redefining \[ on input line 2666.
LaTeX Info: Redefining \] on input line 2667.
) ("c:\Users\Cindy Cai\Á†îÁ©∂ÁîüËØæÁ®ãÂ≠¶‰π†\Á†î‰∏Ä‰∏ä\ÊôØËÄÅÂ∏à-Êú∫Âô®Â≠¶‰π†\report\ML report01_V1\supervised learning group5.aux")
LaTeX Font Info:    Checking defaults for OML/cmm/m/it on input line 21.
LaTeX Font Info:    ... okay on input line 21.
LaTeX Font Info:    Checking defaults for T1/cmr/m/n on input line 21.
LaTeX Font Info:    ... okay on input line 21.
LaTeX Font Info:    Checking defaults for OT1/cmr/m/n on input line 21.
LaTeX Font Info:    ... okay on input line 21.
LaTeX Font Info:    Checking defaults for OMS/cmsy/m/n on input line 21.
LaTeX Font Info:    ... okay on input line 21.
LaTeX Font Info:    Checking defaults for OMX/cmex/m/n on input line 21.
LaTeX Font Info:    ... okay on input line 21.
LaTeX Font Info:    Checking defaults for U/cmr/m/n on input line 21.
LaTeX Font Info:    ... okay on input line 21.

*geometry* driver: auto-detecting
*geometry* detected driver: pdftex
*geometry* verbose mode - [ preamble ] result:
* driver: pdftex
* paper: <default>
* layout: <same size as paper>
* layoutoffset:(h,v)=(0.0pt,0.0pt)
* modes: 
* h-part:(L,W,R)=(65.44142pt, 483.41216pt, 65.44142pt)
* v-part:(T,H,B)=(56.9055pt, 666.9326pt, 71.13188pt)
* \paperwidth=614.295pt
* \paperheight=794.96999pt
* \textwidth=483.41216pt
* \textheight=666.9326pt
* \oddsidemargin=-6.82857pt
* \evensidemargin=-6.82857pt
* \topmargin=-52.36449pt
* \headheight=12.0pt
* \headsep=25.0pt
* \topskip=11.0pt
* \footskip=30.0pt
* \marginparwidth=59.0pt
* \marginparsep=10.0pt
* \columnsep=10.0pt
* \skip\footins=10.0pt plus 4.0pt minus 2.0pt
* \hoffset=0.0pt
* \voffset=0.0pt
* \mag=1000
* \@twocolumnfalse
* \@twosidefalse
* \@mparswitchfalse
* \@reversemarginfalse
* (1in=72.27pt=25.4mm, 1cm=28.453pt)

("C:\Users\Cindy Cai\Software\CTEX\MiKTeX\tex\context\base\supp-pdf.mkii"
[Loading MPS to PDF converter (version 2006.09.02).]
\scratchcounter=\count104
\scratchdimen=\dimen121
\scratchbox=\box30
\nofMPsegments=\count105
\nofMParguments=\count106
\everyMPshowfont=\toks24
\MPscratchCnt=\count107
\MPscratchDim=\dimen122
\MPnumerator=\count108
\makeMPintoPDFobject=\count109
\everyMPtoPDFconversion=\toks25
) [1



pdfTeX warning: pdflatex (file pdftex.map): cannot open font map file
] [2]
Missing character: There is no Ô in font cmr10!
Missing character: There is no ¨ in font cmr10!
Missing character: There is no Å in font cmr10!
 [3]

LaTeX Warning: `h' float specifier changed to `ht'.

[4] [5] ("c:\Users\Cindy Cai\Á†îÁ©∂ÁîüËØæÁ®ãÂ≠¶‰π†\Á†î‰∏Ä‰∏ä\ÊôØËÄÅÂ∏à-Êú∫Âô®Â≠¶‰π†\report\ML report01_V1\supervised learning group5.aux") ) 
Here is how much of TeX's memory you used:
 2248 strings out of 495354
 30990 string characters out of 3182459
 96441 words of memory out of 3000000
 5415 multiletter control sequences out of 15000+200000
 10162 words of font info for 37 fonts, out of 3000000 for 9000
 14 hyphenation exceptions out of 8191
 27i,13n,20p,780b,249s stack positions out of 5000i,500n,10000p,200000b,50000s
 <C:\Users\Cindy Cai\Software\CTEX\UserData\fonts\pk\ljfour\public\cm\dpi600\cmsy6.pk> <C:\Users\Cindy Cai\Software\CTEX\UserData\fonts\pk\ljfour\public\cm\dpi600\cmmi6.pk> <C:\Users\Cindy Cai\Software\CTEX\UserData\fonts\pk\ljfour\public\cm\dpi600\cmr6.pk> <C:\Users\Cindy Cai\Software\CTEX\UserData\fonts\pk\ljfour\public\cm\dpi600\cmsy8.pk> <C:\Users\Cindy Cai\Software\CTEX\UserData\fonts\pk\ljfour\public\cm\dpi600\cmr8.pk> <C:\Users\Cindy Cai\Software\CTEX\UserData\fonts\pk\ljfour\public\cm\dpi657\cmex10.pk> <C:\Users\Cindy Cai\Software\CTEX\UserData\fonts\pk\ljfour\public\cm\dpi600\cmmi8.pk> <C:\Users\Cindy Cai\Software\CTEX\UserData\fonts\pk\ljfour\public\cm\dpi600\cmbx12.pk> <C:\Users\Cindy Cai\Software\CTEX\UserData\fonts\pk\ljfour\public\cm\dpi600\cmr7.pk> <C:\Users\Cindy Cai\Software\CTEX\UserData\fonts\pk\ljfour\public\cm\dpi600\cmmi7.pk> <C:\Users\Cindy Cai\Software\CTEX\UserData\fonts\pk\ljfour\public\cm\dpi600\cmmi10.pk> <C:\Users\Cindy Cai\Software\CTEX\UserData\fonts\pk\ljfour\public\cm\dpi600\cmsy10.pk> <C:\Users\Cindy Cai\Software\CTEX\UserData\fonts\pk\ljfour\public\cm\dpi600\cmr10.pk> <C:\Users\Cindy Cai\Software\CTEX\UserData\fonts\pk\ljfour\public\cm\dpi657\cmsy10.pk> <C:\Users\Cindy Cai\Software\CTEX\UserData\fonts\pk\ljfour\public\cm\dpi657\cmmi10.pk> <C:\Users\Cindy Cai\Software\CTEX\UserData\fonts\pk\ljfour\public\cm\dpi657\cmr10.pk> <C:\Users\Cindy Cai\Software\CTEX\UserData\fonts\pk\ljfour\public\cm\dpi720\cmbx12.pk> <C:\Users\Cindy Cai\Software\CTEX\UserData\fonts\pk\ljfour\public\cm\dpi600\cmr12.pk> <C:\Users\Cindy Cai\Software\CTEX\UserData\fonts\pk\ljfour\public\cm\dpi864\cmbx12.pk>
Output written on "supervised learning group5.pdf" (5 pages, 137504 bytes).
PDF statistics:
 431 PDF objects out of 1000 (max. 8388607)
 0 named destinations out of 1000 (max. 500000)
 1 words of extra memory for PDF output out of 10000 (max. 10000000)

